Build started 2020-01-04 10:40:01 PM.
     1>Project "C:\Users\Sam\Documents\GitHub\TF2-Base\src\game\server\server_tf_mod.vcxproj" on node 2 (Build target(s)).
     1>PreBuildEvent:
         if EXIST ..\..\..\game\tf_mod\bin\.\server.dll for /f "delims=" %%A in ('attrib "..\..\..\game\tf_mod\bin\.\server.dll"') do set valveTmpIsReadOnly="%%A"
         set valveTmpIsReadOnlyLetter=%valveTmpIsReadOnly:~6,1%
         if "%valveTmpIsReadOnlyLetter%"=="R" del /q "C:\Users\Sam\Documents\GitHub\TF2-Base\src\game\server\Debug_tf_mod\"server.dll
         if exist "..\..\devtools\bin\vpc.exe" "..\..\devtools\bin\vpc.exe" -crc2 "server_tf_mod.vcxproj"
         if ERRORLEVEL 1 exit /b 1
         
         :VCEnd
       ClCompile:
         C:\Program Files (x86)\Microsoft Visual Studio 12.0\VC\bin\CL.exe /c /I..\..\common /I..\..\public /I..\..\public\tier0 /I..\..\public\tier1 /I..\..\game\server\generated_proto_tf_mod /I"..\..\thirdparty\protobuf-2.3.0\src" /I.\ /I..\..\game\shared /I..\..\utils\common /I..\..\game\shared\econ /I..\..\game\server\NextBot /I..\..\game\shared\hl2 /I.\tf /I.\tf\vgui /I..\..\game\shared\Multiplayer /I..\..\game\shared\tf /ZI /nologo /W4 /WX /MP /Od /Oy- /D VPC /D RAD_TELEMETRY_DISABLED /D _HAS_ITERATOR_DEBUGGING=0 /D WIN32 /D _WIN32 /D _DEBUG /D DEBUG /D _WINDOWS /D _USRDLL /D _CRT_SECURE_NO_DEPRECATE /D _CRT_NONSTDC_NO_DEPRECATE /D _ALLOW_RUNTIME_LIBRARY_MISMATCH /D _ALLOW_ITERATOR_DEBUG_LEVEL_MISMATCH /D _ALLOW_MSC_VER_MISMATCH /D _USING_V110_SDK71_ /D _WINDLL /D _MBCS /D COMPILER_MSVC32 /D COMPILER_MSVC32 /D COMPILER_MSVC /D _DLL_EXT=.dll /D DLLNAME=server /D BINK_VIDEO /D AVI_VIDEO /D WMV_VIDEO /D DEV_BUILD /D FRAME_POINTER_OMISSION_DISABLED /D GAME_DLL /D VECTOR /D VERSION_SAFE_STEAM_API_INTERFACES /D PROTECTED_THINGS_ENABLE /D sprintf=use_Q_snprintf_instead_of_sprintf /D strncpy=use_Q_strncpy_instead /D _snprintf=use_Q_snprintf_instead /D fopen=dont_use_fopen /D TF_MOD /D _EXTERNAL_DLL_EXT=.dll /D VPCGAMECAPS=TF_MOD /D "PROJECTDIR=C:\Users\Sam\Documents\GitHub\TF2-Base\src\game\server" /D _DLL_EXT=.dll /D VPCGAME=tf_mod /D SOURCE1=1 /GF /Gm- /MTd /GS /arch:SSE /fp:fast /Zc:wchar_t /Zc:forScope /GR /Yu"cbase.h" /Fp".\Debug_tf_mod\server.pch" /Fo".\Debug_tf_mod\/" /Fd".\Debug_tf_mod\/vc120.pdb" /Gd /TP /wd4316 /analyze- /FC /errorReport:prompt /Zm200 /Gw /Zc:inline ..\..\game\shared\tf\tf_weapon_grenade_pipebomb.cpp
         tf_weapon_grenade_pipebomb.cpp
       Link:
         C:\Program Files (x86)\Microsoft Visual Studio 12.0\VC\bin\link.exe /ERRORREPORT:PROMPT /OUT:".\Debug_tf_mod\\server.dll" /INCREMENTAL /NOLOGO /LIBPATH:..\..\lib\common\. /LIBPATH:..\..\lib\public\. shell32.lib user32.lib advapi32.lib gdi32.lib comdlg32.lib ole32.lib winmm.lib /NODEFAULTLIB:libc /NODEFAULTLIB:libcd /NODEFAULTLIB:libcmt /NODEFAULTLIB:libcpmt /NODEFAULTLIB:libcpmt1 /MANIFEST:NO /DEBUG /PDB:".\Debug_tf_mod\/server.pdb" /SUBSYSTEM:WINDOWS,"5.01" /TLBID:1 /DYNAMICBASE:NO /NXCOMPAT /IMPLIB:".\Debug_tf_mod\server.lib" /MACHINE:X86 /SAFESEH:NO  /ignore:4221 /DLL .\Debug_tf_mod\\pointeroverride.obj
         .\Debug_tf_mod\/gamedll_replay.obj
         .\Debug_tf_mod\/achievement_saverestore.obj
         .\Debug_tf_mod\/achievementmgr.obj
         .\Debug_tf_mod\/achievements_hlx.obj
         .\Debug_tf_mod\/activitylist.obj
         .\Debug_tf_mod\/ai_activity.obj
         .\Debug_tf_mod\/ai_baseactor.obj
         .\Debug_tf_mod\/ai_basehumanoid.obj
         .\Debug_tf_mod\/ai_basenpc.obj
         .\Debug_tf_mod\/ai_basenpc_flyer.obj
         .\Debug_tf_mod\/ai_basenpc_flyer_new.obj
         .\Debug_tf_mod\/ai_basenpc_movement.obj
         .\Debug_tf_mod\/ai_basenpc_physicsflyer.obj
         .\Debug_tf_mod\/ai_basenpc_schedule.obj
         .\Debug_tf_mod\/ai_basenpc_squad.obj
         .\Debug_tf_mod\/ai_behavior.obj
         .\Debug_tf_mod\/ai_behavior_assault.obj
         .\Debug_tf_mod\/ai_behavior_fear.obj
         .\Debug_tf_mod\/ai_behavior_follow.obj
         .\Debug_tf_mod\/ai_behavior_lead.obj
         .\Debug_tf_mod\/ai_behavior_rappel.obj
         .\Debug_tf_mod\/ai_behavior_standoff.obj
         .\Debug_tf_mod\/ai_blended_movement.obj
         .\Debug_tf_mod\/ai_concommands.obj
         .\Debug_tf_mod\/ai_condition.obj
         .\Debug_tf_mod\/AI_Criteria.obj
         .\Debug_tf_mod\/ai_default.obj
         .\Debug_tf_mod\/ai_dynamiclink.obj
         .\Debug_tf_mod\/ai_event.obj
         .\Debug_tf_mod\/ai_goalentity.obj
         .\Debug_tf_mod\/ai_hint.obj
         .\Debug_tf_mod\/ai_hull.obj
         .\Debug_tf_mod\/ai_initutils.obj
         .\Debug_tf_mod\/AI_Interest_Target.obj
         .\Debug_tf_mod\/ai_link.obj
         .\Debug_tf_mod\/ai_localnavigator.obj
         .\Debug_tf_mod\/ai_looktarget.obj
         .\Debug_tf_mod\/ai_memory.obj
         .\Debug_tf_mod\/ai_motor.obj
         .\Debug_tf_mod\/ai_moveprobe.obj
         .\Debug_tf_mod\/ai_moveshoot.obj
         .\Debug_tf_mod\/ai_movesolver.obj
         .\Debug_tf_mod\/ai_namespaces.obj
         .\Debug_tf_mod\/ai_navigator.obj
         .\Debug_tf_mod\/ai_network.obj
         .\Debug_tf_mod\/ai_networkmanager.obj
         .\Debug_tf_mod\/ai_node.obj
         .\Debug_tf_mod\/ai_pathfinder.obj
         .\Debug_tf_mod\/ai_planesolver.obj
         .\Debug_tf_mod\/ai_playerally.obj
         .\Debug_tf_mod\/ai_relationship.obj
         .\Debug_tf_mod\/AI_ResponseSystem.obj
         .\Debug_tf_mod\/ai_route.obj
         .\Debug_tf_mod\/ai_saverestore.obj
         .\Debug_tf_mod\/ai_schedule.obj
         .\Debug_tf_mod\/ai_scriptconditions.obj
         .\Debug_tf_mod\/ai_senses.obj
         .\Debug_tf_mod\/ai_sentence.obj
         .\Debug_tf_mod\/ai_speech.obj
         .\Debug_tf_mod\/ai_speechfilter.obj
         .\Debug_tf_mod\/ai_squad.obj
         .\Debug_tf_mod\/ai_squadslot.obj
         .\Debug_tf_mod\/ai_tacticalservices.obj
         .\Debug_tf_mod\/ai_task.obj
         .\Debug_tf_mod\/ai_trackpather.obj
         .\Debug_tf_mod\/ai_utils.obj
         .\Debug_tf_mod\/ai_waypoint.obj
         .\Debug_tf_mod\/ammodef.obj
         .\Debug_tf_mod\/animation.obj
         .\Debug_tf_mod\/base_playeranimstate.obj
         .\Debug_tf_mod\/base_transmit_proxy.obj
         .\Debug_tf_mod\/baseachievement.obj
         .\Debug_tf_mod\/baseanimating.obj
         .\Debug_tf_mod\/BaseAnimatingOverlay.obj
         .\Debug_tf_mod\/basecombatcharacter.obj
         .\Debug_tf_mod\/basecombatcharacter_shared.obj
         .\Debug_tf_mod\/basecombatweapon.obj
         .\Debug_tf_mod\/basecombatweapon_shared.obj
         .\Debug_tf_mod\/baseentity.obj
         .\Debug_tf_mod\/baseentity_shared.obj
         .\Debug_tf_mod\/baseflex.obj
         .\Debug_tf_mod\/basegrenade_concussion.obj
         .\Debug_tf_mod\/basegrenade_contact.obj
         .\Debug_tf_mod\/basegrenade_shared.obj
         .\Debug_tf_mod\/basegrenade_timed.obj
         .\Debug_tf_mod\/basemultiplayerplayer.obj
         .\Debug_tf_mod\/baseparticleentity.obj
         .\Debug_tf_mod\/baseplayer_shared.obj
         .\Debug_tf_mod\/baseprojectile.obj
         .\Debug_tf_mod\/baseviewmodel.obj
         .\Debug_tf_mod\/baseviewmodel_shared.obj
         .\Debug_tf_mod\/beam_shared.obj
         .\Debug_tf_mod\/bitstring.obj
         .\Debug_tf_mod\/bmodels.obj
         .\Debug_tf_mod\/bone_setup.obj
         .\Debug_tf_mod\/buttons.obj
         .\Debug_tf_mod\/cbase.obj
         .\Debug_tf_mod\/client.obj
         .\Debug_tf_mod\/collisionproperty.obj
         .\Debug_tf_mod\/collisionutils.obj
         .\Debug_tf_mod\/colorcorrection.obj
         .\Debug_tf_mod\/colorcorrectionvolume.obj
         .\Debug_tf_mod\/CommentarySystem.obj
         .\Debug_tf_mod\/controlentities.obj
         .\Debug_tf_mod\/cplane.obj
         .\Debug_tf_mod\/CRagdollMagnet.obj
         .\Debug_tf_mod\/damagemodifier.obj
         .\Debug_tf_mod\/death_pose.obj
         .\Debug_tf_mod\/debugoverlay_shared.obj
         .\Debug_tf_mod\/decals.obj
         .\Debug_tf_mod\/doors.obj
         .\Debug_tf_mod\/dt_send.obj
         .\Debug_tf_mod\/dt_utlvector_common.obj
         .\Debug_tf_mod\/dt_utlvector_send.obj
         .\Debug_tf_mod\/dynamiclight.obj
         .\Debug_tf_mod\/editor_sendcommand.obj
         .\Debug_tf_mod\/effect_dispatch_data.obj
         .\Debug_tf_mod\/effects.obj
         .\Debug_tf_mod\/EffectsServer.obj
         .\Debug_tf_mod\/ehandle.obj
         .\Debug_tf_mod\/entityblocker.obj
         .\Debug_tf_mod\/EntityDissolve.obj
         .\Debug_tf_mod\/EntityFlame.obj
         .\Debug_tf_mod\/entitylist.obj
         .\Debug_tf_mod\/entitylist_base.obj
         .\Debug_tf_mod\/EntityParticleTrail.obj
         .\Debug_tf_mod\/EntityParticleTrail_Shared.obj
         .\Debug_tf_mod\/env_debughistory.obj
         .\Debug_tf_mod\/env_detail_controller.obj
         .\Debug_tf_mod\/env_effectsscript.obj
         .\Debug_tf_mod\/env_entity_maker.obj
         .\Debug_tf_mod\/env_particlescript.obj
         .\Debug_tf_mod\/env_player_surface_trigger.obj
         .\Debug_tf_mod\/env_projectedtexture.obj
         .\Debug_tf_mod\/env_screenoverlay.obj
         .\Debug_tf_mod\/env_texturetoggle.obj
         .\Debug_tf_mod\/env_tonemap_controller.obj
         .\Debug_tf_mod\/env_wind_shared.obj
         .\Debug_tf_mod\/env_zoom.obj
         .\Debug_tf_mod\/EnvBeam.obj
         .\Debug_tf_mod\/EnvFade.obj
         .\Debug_tf_mod\/EnvHudHint.obj
         .\Debug_tf_mod\/EnvLaser.obj
         .\Debug_tf_mod\/EnvMessage.obj
         .\Debug_tf_mod\/envmicrophone.obj
         .\Debug_tf_mod\/EnvShake.obj
         .\Debug_tf_mod\/EnvSpark.obj
         .\Debug_tf_mod\/eventlist.obj
         .\Debug_tf_mod\/EventLog.obj
         .\Debug_tf_mod\/explode.obj
         .\Debug_tf_mod\/filesystem_helpers.obj
         .\Debug_tf_mod\/filters.obj
         .\Debug_tf_mod\/fire.obj
         .\Debug_tf_mod\/fire_smoke.obj
         .\Debug_tf_mod\/fish.obj
         .\Debug_tf_mod\/fogcontroller.obj
         .\Debug_tf_mod\/fourwheelvehiclephysics.obj
         .\Debug_tf_mod\/func_areaportal.obj
         .\Debug_tf_mod\/func_areaportalbase.obj
         .\Debug_tf_mod\/func_areaportalwindow.obj
         .\Debug_tf_mod\/func_break.obj
         .\Debug_tf_mod\/func_breakablesurf.obj
         .\Debug_tf_mod\/func_dust.obj
         .\Debug_tf_mod\/func_ladder.obj
         .\Debug_tf_mod\/func_ladder_endpoint.obj
         .\Debug_tf_mod\/func_lod.obj
         .\Debug_tf_mod\/Func_Monitor.obj
         .\Debug_tf_mod\/func_movelinear.obj
         .\Debug_tf_mod\/func_occluder.obj
         .\Debug_tf_mod\/func_reflective_glass.obj
         .\Debug_tf_mod\/func_smokevolume.obj
         .\Debug_tf_mod\/game.obj
         .\Debug_tf_mod\/game_ui.obj
         .\Debug_tf_mod\/gamehandle.obj
         .\Debug_tf_mod\/gameinterface.obj
         .\Debug_tf_mod\/gamemovement.obj
         .\Debug_tf_mod\/gamerules.obj
         .\Debug_tf_mod\/gamerules_register.obj
         .\Debug_tf_mod\/GameStats.obj
         .\Debug_tf_mod\/GameStats_BasicStatsFunctions.obj
         .\Debug_tf_mod\/gamestringpool.obj
         .\Debug_tf_mod\/gametrace_dll.obj
         .\Debug_tf_mod\/gamevars_shared.obj
         .\Debug_tf_mod\/gameweaponmanager.obj
         .\Debug_tf_mod\/genericactor.obj
         .\Debug_tf_mod\/genericmonster.obj
         .\Debug_tf_mod\/gib.obj
         .\Debug_tf_mod\/globals.obj
         .\Debug_tf_mod\/globalstate.obj
         .\Debug_tf_mod\/GrenadeThrown.obj
         .\Debug_tf_mod\/guntarget.obj
         .\Debug_tf_mod\/h_ai.obj
         .\Debug_tf_mod\/h_export.obj
         .\Debug_tf_mod\/haptic_msgs.obj
         .\Debug_tf_mod\/haptic_utils.obj
         .\Debug_tf_mod\/hierarchy.obj
         .\Debug_tf_mod\/hintmessage.obj
         .\Debug_tf_mod\/hintsystem.obj
         .\Debug_tf_mod\/hltvdirector.obj
         .\Debug_tf_mod\/igamesystem.obj
         .\Debug_tf_mod\/info_camera_link.obj
         .\Debug_tf_mod\/info_overlay_accessor.obj
         .\Debug_tf_mod\/init_factory.obj
         .\Debug_tf_mod\/intermission.obj
         .\Debug_tf_mod\/interpolatortypes.obj
         .\Debug_tf_mod\/interval.obj
         .\Debug_tf_mod\/item_world.obj
         .\Debug_tf_mod\/keyframe.obj
         .\Debug_tf_mod\/language.obj
         .\Debug_tf_mod\/lightglow.obj
         .\Debug_tf_mod\/lights.obj
         .\Debug_tf_mod\/logic_measure_movement.obj
         .\Debug_tf_mod\/logic_navigation.obj
         .\Debug_tf_mod\/logicauto.obj
         .\Debug_tf_mod\/logicentities.obj
         .\Debug_tf_mod\/logicrelay.obj
         .\Debug_tf_mod\/map_utils.obj
         .\Debug_tf_mod\/mapentities.obj
         .\Debug_tf_mod\/mapentities_shared.obj
         .\Debug_tf_mod\/maprules.obj
         .\Debug_tf_mod\/MaterialModifyControl.obj
         .\Debug_tf_mod\/memoverride.obj
         .\Debug_tf_mod\/message_entity.obj
         .\Debug_tf_mod\/modelentities.obj
         .\Debug_tf_mod\/ModelSoundsCache.obj
         .\Debug_tf_mod\/monstermaker.obj
         .\Debug_tf_mod\/movehelper_server.obj
         .\Debug_tf_mod\/movement.obj
         .\Debug_tf_mod\/movevars_shared.obj
         .\Debug_tf_mod\/mp_shareddefs.obj
         .\Debug_tf_mod\/multiplay_gamerules.obj
         .\Debug_tf_mod\/ndebugoverlay.obj
         .\Debug_tf_mod\/networkvar.obj
         .\Debug_tf_mod\/npc_vehicledriver.obj
         .\Debug_tf_mod\/obstacle_pushaway.obj
         .\Debug_tf_mod\/particle_light.obj
         .\Debug_tf_mod\/particle_parse.obj
         .\Debug_tf_mod\/particle_system.obj
         .\Debug_tf_mod\/particlesystemquery.obj
         .\Debug_tf_mod\/pathcorner.obj
         .\Debug_tf_mod\/pathtrack.obj
         .\Debug_tf_mod\/phys_controller.obj
         .\Debug_tf_mod\/physconstraint.obj
         .\Debug_tf_mod\/physics.obj
         .\Debug_tf_mod\/physics_bone_follower.obj
         .\Debug_tf_mod\/physics_cannister.obj
         .\Debug_tf_mod\/physics_fx.obj
         .\Debug_tf_mod\/physics_impact_damage.obj
         .\Debug_tf_mod\/physics_main.obj
         .\Debug_tf_mod\/physics_main_shared.obj
         .\Debug_tf_mod\/physics_npc_solver.obj
         .\Debug_tf_mod\/physics_prop_ragdoll.obj
         .\Debug_tf_mod\/physics_saverestore.obj
         .\Debug_tf_mod\/physics_shared.obj
         .\Debug_tf_mod\/physobj.obj
         .\Debug_tf_mod\/player.obj
         .\Debug_tf_mod\/player_command.obj
         .\Debug_tf_mod\/player_lagcompensation.obj
         .\Debug_tf_mod\/player_pickup.obj
         .\Debug_tf_mod\/player_resource.obj
         .\Debug_tf_mod\/playerclass_info_parse.obj
         .\Debug_tf_mod\/playerinfomanager.obj
         .\Debug_tf_mod\/playerlocaldata.obj
         .\Debug_tf_mod\/plugin_check.obj
         .\Debug_tf_mod\/point_bonusmaps_accessor.obj
         .\Debug_tf_mod\/point_camera.obj
         .\Debug_tf_mod\/point_devshot_camera.obj
         .\Debug_tf_mod\/point_playermoveconstraint.obj
         .\Debug_tf_mod\/point_posecontroller.obj
         .\Debug_tf_mod\/point_spotlight.obj
         .\Debug_tf_mod\/point_template.obj
         .\Debug_tf_mod\/pointanglesensor.obj
         .\Debug_tf_mod\/PointAngularVelocitySensor.obj
         .\Debug_tf_mod\/pointhurt.obj
         .\Debug_tf_mod\/pointteleport.obj
         .\Debug_tf_mod\/precache_register.obj
         .\Debug_tf_mod\/predictableid.obj
         .\Debug_tf_mod\/props.obj
         .\Debug_tf_mod\/props_shared.obj
         .\Debug_tf_mod\/querycache.obj
         .\Debug_tf_mod\/ragdoll_manager.obj
         .\Debug_tf_mod\/ragdoll_shared.obj
         .\Debug_tf_mod\/RagdollBoogie.obj
         .\Debug_tf_mod\/randoverride.obj
         .\Debug_tf_mod\/recipientfilter.obj
         .\Debug_tf_mod\/registry.obj
         .\Debug_tf_mod\/rope.obj
         .\Debug_tf_mod\/rope_helpers.obj
         .\Debug_tf_mod\/rope_physics.obj
         .\Debug_tf_mod\/saverestore.obj
         .\Debug_tf_mod\/saverestore_gamedll.obj
         .\Debug_tf_mod\/SceneCache.obj
         .\Debug_tf_mod\/sceneentity.obj
         .\Debug_tf_mod\/sceneentity_shared.obj
         .\Debug_tf_mod\/scratchpad3d.obj
         .\Debug_tf_mod\/scratchpad_gamedll_helpers.obj
         .\Debug_tf_mod\/ScratchPadUtils.obj
         .\Debug_tf_mod\/scripted.obj
         .\Debug_tf_mod\/scriptedtarget.obj
         .\Debug_tf_mod\/sendproxy.obj
         .\Debug_tf_mod\/sequence_Transitioner.obj
         .\Debug_tf_mod\/server_class.obj
         .\Debug_tf_mod\/serverbenchmark_base.obj
         .\Debug_tf_mod\/ServerNetworkProperty.obj
         .\Debug_tf_mod\/shadowcontrol.obj
         .\Debug_tf_mod\/sheetsimulator.obj
         .\Debug_tf_mod\/simple_physics.obj
         .\Debug_tf_mod\/simtimer.obj
         .\Debug_tf_mod\/singleplay_gamerules.obj
         .\Debug_tf_mod\/SkyCamera.obj
         .\Debug_tf_mod\/slideshow_display.obj
         .\Debug_tf_mod\/sound.obj
         .\Debug_tf_mod\/SoundEmitterSystem.obj
         .\Debug_tf_mod\/soundent.obj
         .\Debug_tf_mod\/soundenvelope.obj
         .\Debug_tf_mod\/SoundParametersInternal.obj
         .\Debug_tf_mod\/soundscape.obj
         .\Debug_tf_mod\/soundscape_system.obj
         .\Debug_tf_mod\/spotlightend.obj
         .\Debug_tf_mod\/Sprite.obj
         .\Debug_tf_mod\/sprite_perfmonitor.obj
         .\Debug_tf_mod\/stringregistry.obj
         .\Debug_tf_mod\/studio.obj
         .\Debug_tf_mod\/studio_shared.obj
         .\Debug_tf_mod\/subs.obj
         .\Debug_tf_mod\/sun.obj
         .\Debug_tf_mod\/survival_gamerules.obj
         .\Debug_tf_mod\/tactical_mission.obj
         .\Debug_tf_mod\/takedamageinfo.obj
         .\Debug_tf_mod\/tanktrain.obj
         .\Debug_tf_mod\/team.obj
         .\Debug_tf_mod\/team_control_point.obj
         .\Debug_tf_mod\/team_control_point_master.obj
         .\Debug_tf_mod\/team_control_point_round.obj
         .\Debug_tf_mod\/team_objectiveresource.obj
         .\Debug_tf_mod\/teamplay_gamerules.obj
         .\Debug_tf_mod\/teamplay_round_timer.obj
         .\Debug_tf_mod\/teamplayroundbased_gamerules.obj
         .\Debug_tf_mod\/TemplateEntities.obj
         .\Debug_tf_mod\/tempmonster.obj
         .\Debug_tf_mod\/tesla.obj
         .\Debug_tf_mod\/test_ehandle.obj
         .\Debug_tf_mod\/test_proxytoggle.obj
         .\Debug_tf_mod\/test_stressentities.obj
         .\Debug_tf_mod\/testfunctions.obj
         .\Debug_tf_mod\/testtraceline.obj
         .\Debug_tf_mod\/textstatsmgr.obj
         .\Debug_tf_mod\/timedeventmgr.obj
         .\Debug_tf_mod\/trains.obj
         .\Debug_tf_mod\/trigger_area_capture.obj
         .\Debug_tf_mod\/triggers.obj
         .\Debug_tf_mod\/usercmd.obj
         .\Debug_tf_mod\/util.obj
         .\Debug_tf_mod\/util_shared.obj
         .\Debug_tf_mod\/variant_t.obj
         .\Debug_tf_mod\/vehicle_base.obj
         .\Debug_tf_mod\/vehicle_baseserver.obj
         .\Debug_tf_mod\/vehicle_viewblend_shared.obj
         .\Debug_tf_mod\/vguiscreen.obj
         .\Debug_tf_mod\/voice_gamemgr.obj
         .\Debug_tf_mod\/vote_controller.obj
         .\Debug_tf_mod\/waterbullet.obj
         .\Debug_tf_mod\/WaterLODControl.obj
         .\Debug_tf_mod\/wcedit.obj
         .\Debug_tf_mod\/weapon_parse.obj
         .\Debug_tf_mod\/weapon_proficiency.obj
         .\Debug_tf_mod\/weight_button.obj
         .\Debug_tf_mod\/world.obj
         .\Debug_tf_mod\/weapon_ifmbase.obj
         .\Debug_tf_mod\/weapon_ifmbasecamera.obj
         .\Debug_tf_mod\/weapon_ifmsteadycam.obj
         .\Debug_tf_mod\/stdafx.obj
         .\Debug_tf_mod\/basetempentity.obj
         .\Debug_tf_mod\/event_tempentity_tester.obj
         .\Debug_tf_mod\/movie_explosion.obj
         .\Debug_tf_mod\/particle_fire.obj
         .\Debug_tf_mod\/particle_smokegrenade.obj
         .\Debug_tf_mod\/plasma.obj
         .\Debug_tf_mod\/smoke_trail.obj
         .\Debug_tf_mod\/smokestack.obj
         .\Debug_tf_mod\/SpriteTrail.obj
         .\Debug_tf_mod\/steamjet.obj
         .\Debug_tf_mod\/te.obj
         .\Debug_tf_mod\/te_armorricochet.obj
         .\Debug_tf_mod\/te_basebeam.obj
         .\Debug_tf_mod\/te_beamentpoint.obj
         .\Debug_tf_mod\/te_beaments.obj
         .\Debug_tf_mod\/te_beamfollow.obj
         .\Debug_tf_mod\/te_beamlaser.obj
         .\Debug_tf_mod\/te_beampoints.obj
         .\Debug_tf_mod\/te_beamring.obj
         .\Debug_tf_mod\/te_beamringpoint.obj
         .\Debug_tf_mod\/te_beamspline.obj
         .\Debug_tf_mod\/te_bloodsprite.obj
         .\Debug_tf_mod\/te_bloodstream.obj
         .\Debug_tf_mod\/te_breakmodel.obj
         .\Debug_tf_mod\/te_bspdecal.obj
         .\Debug_tf_mod\/te_bubbles.obj
         .\Debug_tf_mod\/te_bubbletrail.obj
         .\Debug_tf_mod\/te_clientprojectile.obj
         .\Debug_tf_mod\/te_decal.obj
         .\Debug_tf_mod\/te_dynamiclight.obj
         .\Debug_tf_mod\/te_effect_dispatch.obj
         .\Debug_tf_mod\/te_energysplash.obj
         .\Debug_tf_mod\/te_explosion.obj
         .\Debug_tf_mod\/te_fizz.obj
         .\Debug_tf_mod\/te_footprintdecal.obj
         .\Debug_tf_mod\/te_gaussexplosion.obj
         .\Debug_tf_mod\/te_glassshatter.obj
         .\Debug_tf_mod\/te_glowsprite.obj
         .\Debug_tf_mod\/te_impact.obj
         .\Debug_tf_mod\/te_killplayerattachments.obj
         .\Debug_tf_mod\/te_largefunnel.obj
         .\Debug_tf_mod\/te_muzzleflash.obj
         .\Debug_tf_mod\/te_particlesystem.obj
         .\Debug_tf_mod\/te_physicsprop.obj
         .\Debug_tf_mod\/te_playerdecal.obj
         .\Debug_tf_mod\/te_projecteddecal.obj
         .\Debug_tf_mod\/te_showline.obj
         .\Debug_tf_mod\/te_smoke.obj
         .\Debug_tf_mod\/te_sparks.obj
         .\Debug_tf_mod\/te_sprite.obj
         .\Debug_tf_mod\/te_spritespray.obj
         .\Debug_tf_mod\/te_worlddecal.obj
         .\Debug_tf_mod\/usermessages.obj
         .\Debug_tf_mod\/achievements_tf.obj
         .\Debug_tf_mod\/baseobject_shared.obj
         .\Debug_tf_mod\/entity_ammopack.obj
         .\Debug_tf_mod\/entity_armor.obj
         .\Debug_tf_mod\/entity_capture_flag.obj
         .\Debug_tf_mod\/entity_forcerespawn.obj
         .\Debug_tf_mod\/entity_game_text_tf.obj
         .\Debug_tf_mod\/entity_healthkit.obj
         .\Debug_tf_mod\/entity_intermission.obj
         .\Debug_tf_mod\/entity_roundwin.obj
         .\Debug_tf_mod\/entity_tfstart.obj
         .\Debug_tf_mod\/func_capture_zone.obj
         .\Debug_tf_mod\/func_changeclass.obj
         .\Debug_tf_mod\/func_no_build.obj
         .\Debug_tf_mod\/func_nogrenades.obj
         .\Debug_tf_mod\/func_regenerate.obj
         .\Debug_tf_mod\/func_respawnroom.obj
         .\Debug_tf_mod\/multiplayer_animstate.obj
         .\Debug_tf_mod\/te_tfblood.obj
         .\Debug_tf_mod\/tf_ammo_pack.obj
         .\Debug_tf_mod\/tf_bot_temp.obj
         .\Debug_tf_mod\/tf_client.obj
         .\Debug_tf_mod\/tf_eventlog.obj
         .\Debug_tf_mod\/tf_filters.obj
         .\Debug_tf_mod\/tf_fx.obj
         .\Debug_tf_mod\/tf_fx_shared.obj
         .\Debug_tf_mod\/tf_gameinterface.obj
         .\Debug_tf_mod\/tf_gamemovement.obj
         .\Debug_tf_mod\/tf_gamerules.obj
         .\Debug_tf_mod\/tf_gamestats.obj
         .\Debug_tf_mod\/tf_gamestats_shared.obj
         .\Debug_tf_mod\/tf_hltvdirector.obj
         .\Debug_tf_mod\/tf_item.obj
         .\Debug_tf_mod\/tf_obj.obj
         .\Debug_tf_mod\/tf_obj_baseupgrade_shared.obj
         .\Debug_tf_mod\/tf_obj_dispenser.obj
         .\Debug_tf_mod\/tf_obj_sapper.obj
         .\Debug_tf_mod\/tf_obj_sentrygun.obj
         .\Debug_tf_mod\/tf_obj_teleporter.obj
         .\Debug_tf_mod\/tf_objective_resource.obj
         .\Debug_tf_mod\/tf_player.obj
         .\Debug_tf_mod\/tf_player_resource.obj
         .\Debug_tf_mod\/tf_player_shared.obj
         .\Debug_tf_mod\/tf_playeranimstate.obj
         .\Debug_tf_mod\/tf_playerclass.obj
         .\Debug_tf_mod\/tf_playerclass_info_parse.obj
         .\Debug_tf_mod\/tf_playerclass_shared.obj
         .\Debug_tf_mod\/tf_playermove.obj
         .\Debug_tf_mod\/tf_powerup.obj
         .\Debug_tf_mod\/tf_projectile_base.obj
         .\Debug_tf_mod\/tf_projectile_nail.obj
         .\Debug_tf_mod\/tf_projectile_rocket.obj
         .\Debug_tf_mod\/tf_shareddefs.obj
         .\Debug_tf_mod\/tf_team.obj
         .\Debug_tf_mod\/tf_turret.obj
         .\Debug_tf_mod\/tf_usermessages.obj
         .\Debug_tf_mod\/tf_viewmodel.obj
         .\Debug_tf_mod\/tf_weapon_bat.obj
         .\Debug_tf_mod\/tf_weapon_bonesaw.obj
         .\Debug_tf_mod\/tf_weapon_bottle.obj
         .\Debug_tf_mod\/tf_weapon_builder.obj
         .\Debug_tf_mod\/tf_weapon_club.obj
         .\Debug_tf_mod\/tf_weapon_fireaxe.obj
         .\Debug_tf_mod\/tf_weapon_fists.obj
         .\Debug_tf_mod\/tf_weapon_flamethrower.obj
         .\Debug_tf_mod\/tf_weapon_grenade_pipebomb.obj
         .\Debug_tf_mod\/tf_weapon_grenadelauncher.obj
         .\Debug_tf_mod\/tf_weapon_invis.obj
         .\Debug_tf_mod\/tf_weapon_knife.obj
         .\Debug_tf_mod\/tf_weapon_medigun.obj
         .\Debug_tf_mod\/tf_weapon_minigun.obj
         .\Debug_tf_mod\/tf_weapon_parse.obj
         .\Debug_tf_mod\/tf_weapon_pda.obj
         .\Debug_tf_mod\/tf_weapon_pipebomblauncher.obj
         .\Debug_tf_mod\/tf_weapon_pistol.obj
         .\Debug_tf_mod\/tf_weapon_revolver.obj
         .\Debug_tf_mod\/tf_weapon_rocketlauncher.obj
         .\Debug_tf_mod\/tf_weapon_shotgun.obj
         .\Debug_tf_mod\/tf_weapon_shovel.obj
         .\Debug_tf_mod\/tf_weapon_smg.obj
         .\Debug_tf_mod\/tf_weapon_sniperrifle.obj
         .\Debug_tf_mod\/tf_weapon_syringegun.obj
         .\Debug_tf_mod\/tf_weapon_wrench.obj
         .\Debug_tf_mod\/tf_weaponbase.obj
         .\Debug_tf_mod\/tf_weaponbase_grenadeproj.obj
         .\Debug_tf_mod\/tf_weaponbase_gun.obj
         .\Debug_tf_mod\/tf_weaponbase_melee.obj
         .\Debug_tf_mod\/tf_weaponbase_rocket.obj
         .\Debug_tf_mod\/entity_tools_server.obj
         .\Debug_tf_mod\/toolframework_server.obj
         ..\..\lib\public\choreoobjects.lib
         ..\..\lib\public\dmxloader.lib
         ..\..\lib\public\libprotobuf.lib
         ..\..\lib\public\mathlib.lib
         ..\..\lib\public\particles.lib
         ..\..\lib\public\steam_api.lib
         ..\..\lib\public\tier0.lib
         ..\..\lib\public\tier1.lib
         ..\..\lib\public\tier2.lib
         ..\..\lib\public\tier3.lib
         ..\..\lib\public\vstdlib.lib
         server_tf_mod.vcxproj -> C:\Users\Sam\Documents\GitHub\TF2-Base\src\game\server\.\Debug_tf_mod\server.dll
       PostBuildEvent:
         if not exist "..\..\..\game\tf_mod\bin\." mkdir "..\..\..\game\tf_mod\bin\."
         copy "C:\Users\Sam\Documents\GitHub\TF2-Base\src\game\server\Debug_tf_mod\server.dll" "..\..\..\game\tf_mod\bin\.\server.dll"
         if ERRORLEVEL 1 goto BuildEventFailed
         if exist "C:\Users\Sam\Documents\GitHub\TF2-Base\src\game\server\Debug_tf_mod\server.map" copy "C:\Users\Sam\Documents\GitHub\TF2-Base\src\game\server\Debug_tf_mod\server.map" ..\..\..\game\tf_mod\bin\.\server.map
         copy "C:\Users\Sam\Documents\GitHub\TF2-Base\src\game\server\Debug_tf_mod\server.pdb" ..\..\..\game\tf_mod\bin\.\server.pdb
         if ERRORLEVEL 1 goto BuildEventFailed
         goto BuildEventOK
         :BuildEventFailed
         echo *** ERROR! PostBuildStep FAILED for Server (TF)! EXE or DLL is probably running. ***
         del /q "C:\Users\Sam\Documents\GitHub\TF2-Base\src\game\server\Debug_tf_mod\server.dll"
         exit 1
         :BuildEventOK
         
         :VCEnd
                 1 file(s) copied.
                 1 file(s) copied.
     1>Done Building Project "C:\Users\Sam\Documents\GitHub\TF2-Base\src\game\server\server_tf_mod.vcxproj" (Build target(s)).

Build succeeded.

Time Elapsed 00:00:04.65
