Build started 2020-01-04 10:50:04 PM.
     1>Project "C:\Users\Sam\Documents\GitHub\TF2-Base\src\game\client\client_tf_mod.vcxproj" on node 2 (Build target(s)).
     1>PreBuildEvent:
         if EXIST ..\..\..\game\tf_mod\bin\.\client.dll for /f "delims=" %%A in ('attrib "..\..\..\game\tf_mod\bin\.\client.dll"') do set valveTmpIsReadOnly="%%A"
         set valveTmpIsReadOnlyLetter=%valveTmpIsReadOnly:~6,1%
         if "%valveTmpIsReadOnlyLetter%"=="R" del /q "C:\Users\Sam\Documents\GitHub\TF2-Base\src\game\client\Debug_tf_mod\"client.dll
         if exist "..\..\devtools\bin\vpc.exe" "..\..\devtools\bin\vpc.exe" -crc2 "client_tf_mod.vcxproj"
         if ERRORLEVEL 1 exit /b 1
         
         :VCEnd
       ClCompile:
         C:\Program Files (x86)\Microsoft Visual Studio 12.0\VC\bin\CL.exe /c /I.\hl2 /I.\tf /I.\tf\vgui /I..\..\game\shared\Multiplayer /I..\..\game\shared\tf /I.\ /I..\..\common /I..\..\public /I..\..\public\tier0 /I..\..\public\tier1 /I..\..\game\client\generated_proto_tf_mod /I"..\..\thirdparty\protobuf-2.3.0\src" /I..\..\vgui2\include /I..\..\vgui2\controls /I..\..\game\shared /I.\game_controls /I..\..\thirdparty\sixensesdk\include /ZI /nologo /W4 /WX /MP /Od /Oy- /D VPC /D RAD_TELEMETRY_DISABLED /D _HAS_ITERATOR_DEBUGGING=0 /D WIN32 /D _WIN32 /D _DEBUG /D DEBUG /D _WINDOWS /D _USRDLL /D _CRT_SECURE_NO_DEPRECATE /D _CRT_NONSTDC_NO_DEPRECATE /D _ALLOW_RUNTIME_LIBRARY_MISMATCH /D _ALLOW_ITERATOR_DEBUG_LEVEL_MISMATCH /D _ALLOW_MSC_VER_MISMATCH /D _USING_V110_SDK71_ /D _WINDLL /D _MBCS /D COMPILER_MSVC32 /D COMPILER_MSVC32 /D COMPILER_MSVC /D _DLL_EXT=.dll /D DLLNAME=client /D BINK_VIDEO /D AVI_VIDEO /D WMV_VIDEO /D DEV_BUILD /D FRAME_POINTER_OMISSION_DISABLED /D NO_STRING_T /D CLIENT_DLL /D VECTOR /D VERSION_SAFE_STEAM_API_INTERFACES /D PROTECTED_THINGS_ENABLE /D strncpy=use_Q_strncpy_instead /D _snprintf=use_Q_snprintf_instead /D fopen=dont_use_fopen /D TF_MOD_CLIENT /D _EXTERNAL_DLL_EXT=.dll /D VPCGAMECAPS=TF_MOD /D "PROJECTDIR=C:\Users\Sam\Documents\GitHub\TF2-Base\src\game\client" /D _DLL_EXT=.dll /D SOURCE1=1 /D VPCGAME=tf_mod /GF /Gm- /MTd /GS /arch:SSE /fp:fast /Zc:wchar_t /Zc:forScope /GR /Yu"cbase.h" /Fp".\Debug_tf_mod\/client.pch" /Fo".\Debug_tf_mod\/" /Fd".\Debug_tf_mod\/vc120.pdb" /Gd /TP /wd4316 /analyze- /FC /errorReport:prompt /Zm200 /Gw /Zc:inline tf\c_obj_dispenser.cpp
         c_obj_dispenser.cpp
         C:\Program Files (x86)\Microsoft Visual Studio 12.0\VC\bin\CL.exe /c /I.\hl2 /I.\tf /I.\tf\vgui /I..\..\game\shared\Multiplayer /I..\..\game\shared\tf /I.\ /I..\..\common /I..\..\public /I..\..\public\tier0 /I..\..\public\tier1 /I..\..\game\client\generated_proto_tf_mod /I"..\..\thirdparty\protobuf-2.3.0\src" /I..\..\vgui2\include /I..\..\vgui2\controls /I..\..\game\shared /I.\game_controls /I..\..\thirdparty\sixensesdk\include /ZI /nologo /W4 /WX /MP /Od /Oy- /D VPC /D RAD_TELEMETRY_DISABLED /D _HAS_ITERATOR_DEBUGGING=0 /D WIN32 /D _WIN32 /D _DEBUG /D DEBUG /D _WINDOWS /D _USRDLL /D _CRT_SECURE_NO_DEPRECATE /D _CRT_NONSTDC_NO_DEPRECATE /D _ALLOW_RUNTIME_LIBRARY_MISMATCH /D _ALLOW_ITERATOR_DEBUG_LEVEL_MISMATCH /D _ALLOW_MSC_VER_MISMATCH /D _USING_V110_SDK71_ /D _WINDLL /D _MBCS /D COMPILER_MSVC32 /D COMPILER_MSVC32 /D COMPILER_MSVC /D _DLL_EXT=.dll /D DLLNAME=client /D BINK_VIDEO /D AVI_VIDEO /D WMV_VIDEO /D DEV_BUILD /D FRAME_POINTER_OMISSION_DISABLED /D NO_STRING_T /D CLIENT_DLL /D VECTOR /D VERSION_SAFE_STEAM_API_INTERFACES /D PROTECTED_THINGS_ENABLE /D strncpy=use_Q_strncpy_instead /D _snprintf=use_Q_snprintf_instead /D fopen=dont_use_fopen /D TF_MOD_CLIENT /D _EXTERNAL_DLL_EXT=.dll /D VPCGAMECAPS=TF_MOD /D "PROJECTDIR=C:\Users\Sam\Documents\GitHub\TF2-Base\src\game\client" /D _DLL_EXT=.dll /D SOURCE1=1 /D VPCGAME=tf_mod /GF /Gm- /MTd /GS /arch:SSE /fp:fast /Zc:wchar_t /Zc:forScope /GR /Fo".\Debug_tf_mod\/" /Fd".\Debug_tf_mod\/vc120.pdb" /Gd /TP /wd4316 /analyze- /FC /errorReport:prompt /Zm200 /Gw /Zc:inline ..\..\public\bone_setup.cpp ..\..\public\client_class.cpp ..\..\public\collisionutils.cpp ..\..\common\compiledcaptionswap.cpp ..\..\public\crtmemdebug.cpp ..\..\public\dt_recv.cpp ..\..\public\dt_utlvector_common.cpp ..\..\public\dt_utlvector_recv.cpp ..\..\public\filesystem_helpers.cpp hud_lcd.cpp in_mouse.cpp ..\..\public\interpolatortypes.cpp ..\..\game\shared\interval.cpp ..\..\public\jigglebones.cpp ..\..\common\language.cpp ..\..\public\tier0\memoverride.cpp mumble.cpp ..\..\public\networkvar.cpp ..\..\public\posedebugger.cpp ..\..\common\randoverride.cpp ..\..\public\renamed_recvtable_compat.cpp rendertexture.cpp ..\..\public\rope_physics.cpp ..\..\public\scratchpad3d.cpp ..\..\public\ScratchPadUtils.cpp ..\..\public\sentence.cpp ..\..\game\shared\sheetsimulator.cpp ..\..\public\simple_physics.cpp ..\..\public\stringregistry.cpp ..\..\public\studio.cpp ..\..\public\vallocator.cpp ..\..\public\vgui_controls\vgui_controls.cpp ..\..\game\shared\tf\tf_gamestats_shared.cpp
         bone_setup.cpp
         client_class.cpp
         collisionutils.cpp
         compiledcaptionswap.cpp
         crtmemdebug.cpp
         dt_recv.cpp
         dt_utlvector_common.cpp
         dt_utlvector_recv.cpp
         filesystem_helpers.cpp
         hud_lcd.cpp
         in_mouse.cpp
         interpolatortypes.cpp
         interval.cpp
         jigglebones.cpp
         language.cpp
         memoverride.cpp
         mumble.cpp
         networkvar.cpp
         posedebugger.cpp
         randoverride.cpp
         renamed_recvtable_compat.cpp
         rendertexture.cpp
         rope_physics.cpp
         scratchpad3d.cpp
         ScratchPadUtils.cpp
         sentence.cpp
         sheetsimulator.cpp
         simple_physics.cpp
         stringregistry.cpp
         studio.cpp
         vallocator.cpp
         vgui_controls.cpp
         tf_gamestats_shared.cpp
       Link:
         C:\Program Files (x86)\Microsoft Visual Studio 12.0\VC\bin\link.exe /ERRORREPORT:PROMPT /OUT:".\Debug_tf_mod\\client.dll" /INCREMENTAL /NOLOGO /LIBPATH:..\..\lib\common\. /LIBPATH:..\..\lib\public\. shell32.lib user32.lib advapi32.lib gdi32.lib comdlg32.lib ole32.lib winmm.lib /NODEFAULTLIB:libc /NODEFAULTLIB:libcd /NODEFAULTLIB:libcmt /NODEFAULTLIB:libcpmt /NODEFAULTLIB:libcpmt1 /MANIFEST:NO /DEBUG /PDB:".\Debug_tf_mod\/client.pdb" /SUBSYSTEM:WINDOWS,"5.01" /TLBID:1 /DYNAMICBASE:NO /NXCOMPAT /MACHINE:X86 /SAFESEH:NO  /ignore:4221 /DLL .\Debug_tf_mod\\pointeroverride.obj
         .\Debug_tf_mod\/mp3player.obj
         .\Debug_tf_mod\/cdll_replay.obj
         .\Debug_tf_mod\/replaycamera.obj
         .\Debug_tf_mod\/achievement_notification_panel.obj
         .\Debug_tf_mod\/achievement_saverestore.obj
         .\Debug_tf_mod\/achievementmgr.obj
         .\Debug_tf_mod\/achievements_hlx.obj
         .\Debug_tf_mod\/activitylist.obj
         .\Debug_tf_mod\/alphamaterialproxy.obj
         .\Debug_tf_mod\/ammodef.obj
         .\Debug_tf_mod\/animatedentitytextureproxy.obj
         .\Debug_tf_mod\/animatedoffsettextureproxy.obj
         .\Debug_tf_mod\/animatedtextureproxy.obj
         .\Debug_tf_mod\/AnimateSpecificTextureProxy.obj
         .\Debug_tf_mod\/animation.obj
         .\Debug_tf_mod\/base_playeranimstate.obj
         .\Debug_tf_mod\/baseachievement.obj
         .\Debug_tf_mod\/baseanimatedtextureproxy.obj
         .\Debug_tf_mod\/baseclientrendertargets.obj
         .\Debug_tf_mod\/basecombatcharacter_shared.obj
         .\Debug_tf_mod\/basecombatweapon_shared.obj
         .\Debug_tf_mod\/baseentity_shared.obj
         .\Debug_tf_mod\/basegrenade_shared.obj
         .\Debug_tf_mod\/baseparticleentity.obj
         .\Debug_tf_mod\/baseplayer_shared.obj
         .\Debug_tf_mod\/basepresence.obj
         .\Debug_tf_mod\/baseprojectile.obj
         .\Debug_tf_mod\/baseviewmodel_shared.obj
         .\Debug_tf_mod\/beam_shared.obj
         .\Debug_tf_mod\/beamdraw.obj
         .\Debug_tf_mod\/bone_accessor.obj
         .\Debug_tf_mod\/bone_merge_cache.obj
         .\Debug_tf_mod\/bone_setup.obj
         .\Debug_tf_mod\/c_ai_basehumanoid.obj
         .\Debug_tf_mod\/c_ai_basenpc.obj
         .\Debug_tf_mod\/c_baseanimating.obj
         .\Debug_tf_mod\/c_baseanimatingoverlay.obj
         .\Debug_tf_mod\/c_basecombatcharacter.obj
         .\Debug_tf_mod\/c_basecombatweapon.obj
         .\Debug_tf_mod\/c_basedoor.obj
         .\Debug_tf_mod\/c_baseentity.obj
         .\Debug_tf_mod\/c_baseflex.obj
         .\Debug_tf_mod\/c_baseplayer.obj
         .\Debug_tf_mod\/c_baseviewmodel.obj
         .\Debug_tf_mod\/c_breakableprop.obj
         .\Debug_tf_mod\/c_colorcorrection.obj
         .\Debug_tf_mod\/c_colorcorrectionvolume.obj
         .\Debug_tf_mod\/c_dynamiclight.obj
         .\Debug_tf_mod\/c_entitydissolve.obj
         .\Debug_tf_mod\/c_entityparticletrail.obj
         .\Debug_tf_mod\/c_env_fog_controller.obj
         .\Debug_tf_mod\/c_env_particlescript.obj
         .\Debug_tf_mod\/c_env_projectedtexture.obj
         .\Debug_tf_mod\/c_env_screenoverlay.obj
         .\Debug_tf_mod\/c_env_tonemap_controller.obj
         .\Debug_tf_mod\/c_fire_smoke.obj
         .\Debug_tf_mod\/c_fish.obj
         .\Debug_tf_mod\/c_func_areaportalwindow.obj
         .\Debug_tf_mod\/c_func_breakablesurf.obj
         .\Debug_tf_mod\/c_func_conveyor.obj
         .\Debug_tf_mod\/c_func_dust.obj
         .\Debug_tf_mod\/c_func_lod.obj
         .\Debug_tf_mod\/C_Func_Monitor.obj
         .\Debug_tf_mod\/c_func_occluder.obj
         .\Debug_tf_mod\/c_func_reflective_glass.obj
         .\Debug_tf_mod\/c_func_rotating.obj
         .\Debug_tf_mod\/c_func_smokevolume.obj
         .\Debug_tf_mod\/c_func_tracktrain.obj
         .\Debug_tf_mod\/c_gib.obj
         .\Debug_tf_mod\/c_hairball.obj
         .\Debug_tf_mod\/c_info_overlay_accessor.obj
         .\Debug_tf_mod\/c_lightglow.obj
         .\Debug_tf_mod\/C_MaterialModifyControl.obj
         .\Debug_tf_mod\/c_particle_system.obj
         .\Debug_tf_mod\/c_physbox.obj
         .\Debug_tf_mod\/c_physicsprop.obj
         .\Debug_tf_mod\/c_physmagnet.obj
         .\Debug_tf_mod\/c_pixel_visibility.obj
         .\Debug_tf_mod\/c_plasma.obj
         .\Debug_tf_mod\/c_playerresource.obj
         .\Debug_tf_mod\/c_point_camera.obj
         .\Debug_tf_mod\/c_point_commentary_node.obj
         .\Debug_tf_mod\/c_props.obj
         .\Debug_tf_mod\/c_ragdoll_manager.obj
         .\Debug_tf_mod\/c_rope.obj
         .\Debug_tf_mod\/c_rumble.obj
         .\Debug_tf_mod\/c_sceneentity.obj
         .\Debug_tf_mod\/c_shadowcontrol.obj
         .\Debug_tf_mod\/c_slideshow_display.obj
         .\Debug_tf_mod\/c_soundscape.obj
         .\Debug_tf_mod\/c_spotlight_end.obj
         .\Debug_tf_mod\/c_sprite.obj
         .\Debug_tf_mod\/c_sprite_perfmonitor.obj
         .\Debug_tf_mod\/c_sun.obj
         .\Debug_tf_mod\/c_team.obj
         .\Debug_tf_mod\/c_team_objectiveresource.obj
         .\Debug_tf_mod\/c_tesla.obj
         .\Debug_tf_mod\/c_test_proxytoggle.obj
         .\Debug_tf_mod\/c_user_message_register.obj
         .\Debug_tf_mod\/c_vehicle_choreo_generic.obj
         .\Debug_tf_mod\/c_vehicle_jeep.obj
         .\Debug_tf_mod\/c_vguiscreen.obj
         .\Debug_tf_mod\/c_vote_controller.obj
         .\Debug_tf_mod\/c_waterbullet.obj
         .\Debug_tf_mod\/C_WaterLODControl.obj
         .\Debug_tf_mod\/c_world.obj
         .\Debug_tf_mod\/cam_thirdperson.obj
         .\Debug_tf_mod\/camomaterialproxy.obj
         .\Debug_tf_mod\/cdll_bounded_cvars.obj
         .\Debug_tf_mod\/cdll_client_int.obj
         .\Debug_tf_mod\/cdll_util.obj
         .\Debug_tf_mod\/cl_mat_stub.obj
         .\Debug_tf_mod\/classmap.obj
         .\Debug_tf_mod\/client_class.obj
         .\Debug_tf_mod\/client_factorylist.obj
         .\Debug_tf_mod\/client_thinklist.obj
         .\Debug_tf_mod\/client_virtualreality.obj
         .\Debug_tf_mod\/clienteffectprecachesystem.obj
         .\Debug_tf_mod\/cliententitylist.obj
         .\Debug_tf_mod\/clientleafsystem.obj
         .\Debug_tf_mod\/clientmode_shared.obj
         .\Debug_tf_mod\/clientshadowmgr.obj
         .\Debug_tf_mod\/clientsideeffects.obj
         .\Debug_tf_mod\/clientsideeffects_test.obj
         .\Debug_tf_mod\/clientsteamcontext.obj
         .\Debug_tf_mod\/collisionproperty.obj
         .\Debug_tf_mod\/collisionutils.obj
         .\Debug_tf_mod\/colorcorrectionmgr.obj
         .\Debug_tf_mod\/commentary_modelviewer.obj
         .\Debug_tf_mod\/compiledcaptionswap.obj
         .\Debug_tf_mod\/crtmemdebug.obj
         .\Debug_tf_mod\/death_pose.obj
         .\Debug_tf_mod\/debugoverlay_shared.obj
         .\Debug_tf_mod\/decals.obj
         .\Debug_tf_mod\/detailobjectsystem.obj
         .\Debug_tf_mod\/dt_recv.obj
         .\Debug_tf_mod\/dt_utlvector_common.obj
         .\Debug_tf_mod\/dt_utlvector_recv.obj
         .\Debug_tf_mod\/dummyproxy.obj
         .\Debug_tf_mod\/effect_dispatch_data.obj
         .\Debug_tf_mod\/EffectsClient.obj
         .\Debug_tf_mod\/ehandle.obj
         .\Debug_tf_mod\/entitylist_base.obj
         .\Debug_tf_mod\/entityoriginmaterialproxy.obj
         .\Debug_tf_mod\/EntityParticleTrail_Shared.obj
         .\Debug_tf_mod\/env_detail_controller.obj
         .\Debug_tf_mod\/env_wind_shared.obj
         .\Debug_tf_mod\/eventlist.obj
         .\Debug_tf_mod\/filesystem_helpers.obj
         .\Debug_tf_mod\/flashlighteffect.obj
         .\Debug_tf_mod\/func_ladder.obj
         .\Debug_tf_mod\/functionproxy.obj
         .\Debug_tf_mod\/fx_blood.obj
         .\Debug_tf_mod\/fx_cube.obj
         .\Debug_tf_mod\/fx_explosion.obj
         .\Debug_tf_mod\/fx_fleck.obj
         .\Debug_tf_mod\/fx_impact.obj
         .\Debug_tf_mod\/fx_interpvalue.obj
         .\Debug_tf_mod\/fx_quad.obj
         .\Debug_tf_mod\/fx_shelleject.obj
         .\Debug_tf_mod\/fx_staticline.obj
         .\Debug_tf_mod\/fx_tracer.obj
         .\Debug_tf_mod\/fx_trail.obj
         .\Debug_tf_mod\/fx_water.obj
         .\Debug_tf_mod\/gamemovement.obj
         .\Debug_tf_mod\/gamerules.obj
         .\Debug_tf_mod\/gamerules_register.obj
         .\Debug_tf_mod\/GameStats.obj
         .\Debug_tf_mod\/gamestringpool.obj
         .\Debug_tf_mod\/gametrace_client.obj
         .\Debug_tf_mod\/gamevars_shared.obj
         .\Debug_tf_mod\/geiger.obj
         .\Debug_tf_mod\/glow_outline_effect.obj
         .\Debug_tf_mod\/glow_overlay.obj
         .\Debug_tf_mod\/haptic_msgs.obj
         .\Debug_tf_mod\/haptic_utils.obj
         .\Debug_tf_mod\/hintmessage.obj
         .\Debug_tf_mod\/hintsystem.obj
         .\Debug_tf_mod\/history_resource.obj
         .\Debug_tf_mod\/hltvcamera.obj
         .\Debug_tf_mod\/hud.obj
         .\Debug_tf_mod\/hud_animationinfo.obj
         .\Debug_tf_mod\/hud_autoaim.obj
         .\Debug_tf_mod\/hud_base_account.obj
         .\Debug_tf_mod\/hud_basechat.obj
         .\Debug_tf_mod\/hud_basedeathnotice.obj
         .\Debug_tf_mod\/hud_basetimer.obj
         .\Debug_tf_mod\/hud_bitmapnumericdisplay.obj
         .\Debug_tf_mod\/hud_closecaption.obj
         .\Debug_tf_mod\/hud_controlpointicons.obj
         .\Debug_tf_mod\/hud_crosshair.obj
         .\Debug_tf_mod\/hud_element_helper.obj
         .\Debug_tf_mod\/hud_filmdemo.obj
         .\Debug_tf_mod\/hud_hdrdemo.obj
         .\Debug_tf_mod\/hud_hintdisplay.obj
         .\Debug_tf_mod\/hud_lcd.obj
         .\Debug_tf_mod\/hud_msg.obj
         .\Debug_tf_mod\/hud_numericdisplay.obj
         .\Debug_tf_mod\/hud_pdump.obj
         .\Debug_tf_mod\/hud_redraw.obj
         .\Debug_tf_mod\/hud_vehicle.obj
         .\Debug_tf_mod\/hud_vguiscreencursor.obj
         .\Debug_tf_mod\/hud_voicestatus.obj
         .\Debug_tf_mod\/hud_weapon.obj
         .\Debug_tf_mod\/igamesystem.obj
         .\Debug_tf_mod\/in_camera.obj
         .\Debug_tf_mod\/in_joystick.obj
         .\Debug_tf_mod\/in_main.obj
         .\Debug_tf_mod\/in_mouse.obj
         .\Debug_tf_mod\/initializer.obj
         .\Debug_tf_mod\/interpolatedvar.obj
         .\Debug_tf_mod\/interpolatortypes.obj
         .\Debug_tf_mod\/interval.obj
         .\Debug_tf_mod\/IsNPCProxy.obj
         .\Debug_tf_mod\/jigglebones.obj
         .\Debug_tf_mod\/lampbeamproxy.obj
         .\Debug_tf_mod\/lamphaloproxy.obj
         .\Debug_tf_mod\/language.obj
         .\Debug_tf_mod\/mapentities_shared.obj
         .\Debug_tf_mod\/mathproxy.obj
         .\Debug_tf_mod\/matrixproxy.obj
         .\Debug_tf_mod\/memoverride.obj
         .\Debug_tf_mod\/menu.obj
         .\Debug_tf_mod\/message.obj
         .\Debug_tf_mod\/movehelper_client.obj
         .\Debug_tf_mod\/movevars_shared.obj
         .\Debug_tf_mod\/mp_shareddefs.obj
         .\Debug_tf_mod\/multiplay_gamerules.obj
         .\Debug_tf_mod\/mumble.obj
         .\Debug_tf_mod\/networkvar.obj
         .\Debug_tf_mod\/obstacle_pushaway.obj
         .\Debug_tf_mod\/panelmetaclassmgr.obj
         .\Debug_tf_mod\/particle_collision.obj
         .\Debug_tf_mod\/particle_litsmokeemitter.obj
         .\Debug_tf_mod\/particle_parse.obj
         .\Debug_tf_mod\/particle_property.obj
         .\Debug_tf_mod\/particle_proxies.obj
         .\Debug_tf_mod\/particle_simple3d.obj
         .\Debug_tf_mod\/particlemgr.obj
         .\Debug_tf_mod\/particles_attractor.obj
         .\Debug_tf_mod\/particles_ez.obj
         .\Debug_tf_mod\/particles_localspace.obj
         .\Debug_tf_mod\/particles_new.obj
         .\Debug_tf_mod\/particles_simple.obj
         .\Debug_tf_mod\/particlesystemquery.obj
         .\Debug_tf_mod\/perfvisualbenchmark.obj
         .\Debug_tf_mod\/physics.obj
         .\Debug_tf_mod\/physics_main_client.obj
         .\Debug_tf_mod\/physics_main_shared.obj
         .\Debug_tf_mod\/physics_saverestore.obj
         .\Debug_tf_mod\/physics_shared.obj
         .\Debug_tf_mod\/physpropclientside.obj
         .\Debug_tf_mod\/playerandobjectenumerator.obj
         .\Debug_tf_mod\/playerclass_info_parse.obj
         .\Debug_tf_mod\/playerspawncache.obj
         .\Debug_tf_mod\/point_bonusmaps_accessor.obj
         .\Debug_tf_mod\/point_posecontroller.obj
         .\Debug_tf_mod\/posedebugger.obj
         .\Debug_tf_mod\/precache_register.obj
         .\Debug_tf_mod\/predictableid.obj
         .\Debug_tf_mod\/prediction.obj
         .\Debug_tf_mod\/predictioncopy.obj
         .\Debug_tf_mod\/props_shared.obj
         .\Debug_tf_mod\/proxyentity.obj
         .\Debug_tf_mod\/ProxyHealth.obj
         .\Debug_tf_mod\/proxyplayer.obj
         .\Debug_tf_mod\/proxypupil.obj
         .\Debug_tf_mod\/ragdoll.obj
         .\Debug_tf_mod\/ragdoll_shared.obj
         .\Debug_tf_mod\/randoverride.obj
         .\Debug_tf_mod\/recvproxy.obj
         .\Debug_tf_mod\/renamed_recvtable_compat.obj
         .\Debug_tf_mod\/rendertexture.obj
         .\Debug_tf_mod\/rope_helpers.obj
         .\Debug_tf_mod\/rope_physics.obj
         .\Debug_tf_mod\/saverestore.obj
         .\Debug_tf_mod\/sceneentity_shared.obj
         .\Debug_tf_mod\/scratchpad3d.obj
         .\Debug_tf_mod\/ScratchPadUtils.obj
         .\Debug_tf_mod\/ScreenSpaceEffects.obj
         .\Debug_tf_mod\/sentence.obj
         .\Debug_tf_mod\/sequence_Transitioner.obj
         .\Debug_tf_mod\/sheetsimulator.obj
         .\Debug_tf_mod\/simple_keys.obj
         .\Debug_tf_mod\/simple_physics.obj
         .\Debug_tf_mod\/simtimer.obj
         .\Debug_tf_mod\/singleplay_gamerules.obj
         .\Debug_tf_mod\/SoundEmitterSystem.obj
         .\Debug_tf_mod\/soundenvelope.obj
         .\Debug_tf_mod\/SoundParametersInternal.obj
         .\Debug_tf_mod\/splinepatch.obj
         .\Debug_tf_mod\/Sprite.obj
         .\Debug_tf_mod\/spritemodel.obj
         .\Debug_tf_mod\/SpriteTrail.obj
         .\Debug_tf_mod\/stringregistry.obj
         .\Debug_tf_mod\/studio.obj
         .\Debug_tf_mod\/studio_shared.obj
         .\Debug_tf_mod\/studio_stats.obj
         .\Debug_tf_mod\/takedamageinfo.obj
         .\Debug_tf_mod\/TeamBitmapImage.obj
         .\Debug_tf_mod\/teamplay_gamerules.obj
         .\Debug_tf_mod\/teamplay_round_timer.obj
         .\Debug_tf_mod\/teamplayroundbased_gamerules.obj
         .\Debug_tf_mod\/test_ehandle.obj
         .\Debug_tf_mod\/text_message.obj
         .\Debug_tf_mod\/texturescrollmaterialproxy.obj
         .\Debug_tf_mod\/timematerialproxy.obj
         .\Debug_tf_mod\/toggletextureproxy.obj
         .\Debug_tf_mod\/train.obj
         .\Debug_tf_mod\/usercmd.obj
         .\Debug_tf_mod\/usermessages.obj
         .\Debug_tf_mod\/util_shared.obj
         .\Debug_tf_mod\/vallocator.obj
         .\Debug_tf_mod\/vehicle_viewblend_shared.obj
         .\Debug_tf_mod\/vgui_avatarimage.obj
         .\Debug_tf_mod\/vgui_basepanel.obj
         .\Debug_tf_mod\/vgui_bitmapbutton.obj
         .\Debug_tf_mod\/vgui_bitmapimage.obj
         .\Debug_tf_mod\/vgui_bitmappanel.obj
         .\Debug_tf_mod\/vgui_centerstringpanel.obj
         .\Debug_tf_mod\/vgui_consolepanel.obj
         .\Debug_tf_mod\/vgui_controls.obj
         .\Debug_tf_mod\/vgui_debugoverlaypanel.obj
         .\Debug_tf_mod\/vgui_fpspanel.obj
         .\Debug_tf_mod\/vgui_game_viewport.obj
         .\Debug_tf_mod\/vgui_grid.obj
         .\Debug_tf_mod\/vgui_int.obj
         .\Debug_tf_mod\/vgui_loadingdiscpanel.obj
         .\Debug_tf_mod\/vgui_messagechars.obj
         .\Debug_tf_mod\/vgui_netgraphpanel.obj
         .\Debug_tf_mod\/vgui_schemevisualizer.obj
         .\Debug_tf_mod\/vgui_slideshow_display_screen.obj
         .\Debug_tf_mod\/vgui_video.obj
         .\Debug_tf_mod\/vgui_video_player.obj
         .\Debug_tf_mod\/view.obj
         .\Debug_tf_mod\/view_beams.obj
         .\Debug_tf_mod\/view_effects.obj
         .\Debug_tf_mod\/view_scene.obj
         .\Debug_tf_mod\/viewangleanim.obj
         .\Debug_tf_mod\/ViewConeImage.obj
         .\Debug_tf_mod\/viewdebug.obj
         .\Debug_tf_mod\/viewpostprocess.obj
         .\Debug_tf_mod\/viewrender.obj
         .\Debug_tf_mod\/voice_banmgr.obj
         .\Debug_tf_mod\/voice_menu.obj
         .\Debug_tf_mod\/voice_status.obj
         .\Debug_tf_mod\/warp_overlay.obj
         .\Debug_tf_mod\/WaterLODMaterialProxy.obj
         .\Debug_tf_mod\/weapon_parse.obj
         .\Debug_tf_mod\/weapon_selection.obj
         .\Debug_tf_mod\/weapons_resource.obj
         .\Debug_tf_mod\/WorldDimsProxy.obj
         .\Debug_tf_mod\/basemodel_panel.obj
         .\Debug_tf_mod\/basemodelpanel.obj
         .\Debug_tf_mod\/baseviewport.obj
         .\Debug_tf_mod\/buymenu.obj
         .\Debug_tf_mod\/buysubmenu.obj
         .\Debug_tf_mod\/classmenu.obj
         .\Debug_tf_mod\/ClientScoreBoardDialog.obj
         .\Debug_tf_mod\/commandmenu.obj
         .\Debug_tf_mod\/IconPanel.obj
         .\Debug_tf_mod\/intromenu.obj
         .\Debug_tf_mod\/MapOverview.obj
         .\Debug_tf_mod\/NavProgress.obj
         .\Debug_tf_mod\/SpectatorGUI.obj
         .\Debug_tf_mod\/teammenu.obj
         .\Debug_tf_mod\/vguitextwindow.obj
         .\Debug_tf_mod\/weapon_ifmbase.obj
         .\Debug_tf_mod\/weapon_ifmbasecamera.obj
         .\Debug_tf_mod\/weapon_ifmsteadycam.obj
         .\Debug_tf_mod\/stdafx.obj
         .\Debug_tf_mod\/in_sixense.obj
         .\Debug_tf_mod\/in_sixense_gesture_bindings.obj
         .\Debug_tf_mod\/sixense_convars.obj
         .\Debug_tf_mod\/c_basetempentity.obj
         .\Debug_tf_mod\/c_effects.obj
         .\Debug_tf_mod\/c_impact_effects.obj
         .\Debug_tf_mod\/c_movie_explosion.obj
         .\Debug_tf_mod\/c_particle_fire.obj
         .\Debug_tf_mod\/c_particle_smokegrenade.obj
         .\Debug_tf_mod\/c_prop_vehicle.obj
         .\Debug_tf_mod\/c_recipientfilter.obj
         .\Debug_tf_mod\/c_smoke_trail.obj
         .\Debug_tf_mod\/c_smokestack.obj
         .\Debug_tf_mod\/c_steamjet.obj
         .\Debug_tf_mod\/c_stickybolt.obj
         .\Debug_tf_mod\/c_te.obj
         .\Debug_tf_mod\/c_te_armorricochet.obj
         .\Debug_tf_mod\/c_te_basebeam.obj
         .\Debug_tf_mod\/c_te_beamentpoint.obj
         .\Debug_tf_mod\/c_te_beaments.obj
         .\Debug_tf_mod\/c_te_beamfollow.obj
         .\Debug_tf_mod\/c_te_beamlaser.obj
         .\Debug_tf_mod\/c_te_beampoints.obj
         .\Debug_tf_mod\/c_te_beamring.obj
         .\Debug_tf_mod\/c_te_beamringpoint.obj
         .\Debug_tf_mod\/c_te_beamspline.obj
         .\Debug_tf_mod\/c_te_bloodsprite.obj
         .\Debug_tf_mod\/c_te_bloodstream.obj
         .\Debug_tf_mod\/c_te_breakmodel.obj
         .\Debug_tf_mod\/c_te_bspdecal.obj
         .\Debug_tf_mod\/c_te_bubbles.obj
         .\Debug_tf_mod\/c_te_bubbletrail.obj
         .\Debug_tf_mod\/c_te_clientprojectile.obj
         .\Debug_tf_mod\/c_te_decal.obj
         .\Debug_tf_mod\/c_te_dynamiclight.obj
         .\Debug_tf_mod\/c_te_effect_dispatch.obj
         .\Debug_tf_mod\/c_te_energysplash.obj
         .\Debug_tf_mod\/c_te_explosion.obj
         .\Debug_tf_mod\/c_te_fizz.obj
         .\Debug_tf_mod\/c_te_footprint.obj
         .\Debug_tf_mod\/c_te_glassshatter.obj
         .\Debug_tf_mod\/c_te_glowsprite.obj
         .\Debug_tf_mod\/c_te_impact.obj
         .\Debug_tf_mod\/c_te_killplayerattachments.obj
         .\Debug_tf_mod\/c_te_largefunnel.obj
         .\Debug_tf_mod\/c_te_legacytempents.obj
         .\Debug_tf_mod\/c_te_muzzleflash.obj
         .\Debug_tf_mod\/c_te_particlesystem.obj
         .\Debug_tf_mod\/c_te_physicsprop.obj
         .\Debug_tf_mod\/c_te_playerdecal.obj
         .\Debug_tf_mod\/c_te_projecteddecal.obj
         .\Debug_tf_mod\/c_te_showline.obj
         .\Debug_tf_mod\/c_te_smoke.obj
         .\Debug_tf_mod\/c_te_sparks.obj
         .\Debug_tf_mod\/c_te_sprite.obj
         .\Debug_tf_mod\/c_te_spritespray.obj
         .\Debug_tf_mod\/c_te_worlddecal.obj
         .\Debug_tf_mod\/c_testtraceline.obj
         .\Debug_tf_mod\/c_tracer.obj
         .\Debug_tf_mod\/fx.obj
         .\Debug_tf_mod\/fx_discreetline.obj
         .\Debug_tf_mod\/fx_envelope.obj
         .\Debug_tf_mod\/fx_line.obj
         .\Debug_tf_mod\/fx_sparks.obj
         .\Debug_tf_mod\/particlesphererenderer.obj
         .\Debug_tf_mod\/smoke_fog_overlay.obj
         .\Debug_tf_mod\/achievements_tf.obj
         .\Debug_tf_mod\/baseobject_shared.obj
         .\Debug_tf_mod\/c_baseobject.obj
         .\Debug_tf_mod\/c_func_capture_zone.obj
         .\Debug_tf_mod\/c_func_respawnroom.obj
         .\Debug_tf_mod\/c_obj_dispenser.obj
         .\Debug_tf_mod\/c_obj_sapper.obj
         .\Debug_tf_mod\/c_obj_sentrygun.obj
         .\Debug_tf_mod\/c_obj_teleporter.obj
         .\Debug_tf_mod\/c_playerattachedmodel.obj
         .\Debug_tf_mod\/c_tf_ammo_pack.obj
         .\Debug_tf_mod\/c_tf_fx.obj
         .\Debug_tf_mod\/c_tf_objective_resource.obj
         .\Debug_tf_mod\/c_tf_player.obj
         .\Debug_tf_mod\/c_tf_playerresource.obj
         .\Debug_tf_mod\/c_tf_team.obj
         .\Debug_tf_mod\/clientmode_tf.obj
         .\Debug_tf_mod\/entity_capture_flag.obj
         .\Debug_tf_mod\/multiplayer_animstate.obj
         .\Debug_tf_mod\/teammaterialproxy.obj
         .\Debug_tf_mod\/tf_fx_blood.obj
         .\Debug_tf_mod\/tf_fx_ejectbrass.obj
         .\Debug_tf_mod\/tf_fx_explosions.obj
         .\Debug_tf_mod\/tf_fx_impacts.obj
         .\Debug_tf_mod\/tf_fx_muzzleflash.obj
         .\Debug_tf_mod\/tf_fx_particleeffect.obj
         .\Debug_tf_mod\/tf_fx_shared.obj
         .\Debug_tf_mod\/tf_fx_taunteffects.obj
         .\Debug_tf_mod\/tf_fx_tracers.obj
         .\Debug_tf_mod\/tf_gamemovement.obj
         .\Debug_tf_mod\/tf_gamerules.obj
         .\Debug_tf_mod\/tf_gamestats_shared.obj
         .\Debug_tf_mod\/tf_hud_account.obj
         .\Debug_tf_mod\/tf_hud_ammostatus.obj
         .\Debug_tf_mod\/tf_hud_building_status.obj
         .\Debug_tf_mod\/tf_hud_chat.obj
         .\Debug_tf_mod\/tf_hud_cloakmeter.obj
         .\Debug_tf_mod\/tf_hud_damageindicator.obj
         .\Debug_tf_mod\/tf_hud_deathnotice.obj
         .\Debug_tf_mod\/tf_hud_demomancharge.obj
         .\Debug_tf_mod\/tf_hud_demomanpipes.obj
         .\Debug_tf_mod\/tf_hud_disguise_status.obj
         .\Debug_tf_mod\/tf_hud_flagstatus.obj
         .\Debug_tf_mod\/tf_hud_freezepanel.obj
         .\Debug_tf_mod\/tf_hud_mediccallers.obj
         .\Debug_tf_mod\/tf_hud_mediccharge.obj
         .\Debug_tf_mod\/tf_hud_menu_engy_build.obj
         .\Debug_tf_mod\/tf_hud_menu_engy_destroy.obj
         .\Debug_tf_mod\/tf_hud_menu_spy_disguise.obj
         .\Debug_tf_mod\/tf_hud_notification_panel.obj
         .\Debug_tf_mod\/tf_hud_objectivestatus.obj
         .\Debug_tf_mod\/tf_hud_playerstatus.obj
         .\Debug_tf_mod\/tf_hud_scope.obj
         .\Debug_tf_mod\/tf_hud_stalemate.obj
         .\Debug_tf_mod\/tf_hud_statpanel.obj
         .\Debug_tf_mod\/tf_hud_target_id.obj
         .\Debug_tf_mod\/tf_hud_teamgoal.obj
         .\Debug_tf_mod\/tf_hud_teamswitch.obj
         .\Debug_tf_mod\/tf_hud_waitingforplayers_panel.obj
         .\Debug_tf_mod\/tf_hud_weaponselection.obj
         .\Debug_tf_mod\/tf_hud_winpanel.obj
         .\Debug_tf_mod\/tf_imagepanel.obj
         .\Debug_tf_mod\/tf_input_main.obj
         .\Debug_tf_mod\/tf_item.obj
         .\Debug_tf_mod\/tf_obj_baseupgrade_shared.obj
         .\Debug_tf_mod\/tf_player_shared.obj
         .\Debug_tf_mod\/tf_playeranimstate.obj
         .\Debug_tf_mod\/tf_playerclass_info_parse.obj
         .\Debug_tf_mod\/tf_playerclass_shared.obj
         .\Debug_tf_mod\/tf_prediction.obj
         .\Debug_tf_mod\/tf_presence.obj
         .\Debug_tf_mod\/tf_projectile_base.obj
         .\Debug_tf_mod\/tf_projectile_nail.obj
         .\Debug_tf_mod\/tf_shareddefs.obj
         .\Debug_tf_mod\/tf_steamstats.obj
         .\Debug_tf_mod\/tf_tips.obj
         .\Debug_tf_mod\/tf_usermessages.obj
         .\Debug_tf_mod\/tf_viewmodel.obj
         .\Debug_tf_mod\/tf_viewrender.obj
         .\Debug_tf_mod\/backgroundpanel.obj
         .\Debug_tf_mod\/ObjectControlPanel.obj
         .\Debug_tf_mod\/tf_classmenu.obj
         .\Debug_tf_mod\/tf_clientscoreboard.obj
         .\Debug_tf_mod\/tf_controls.obj
         .\Debug_tf_mod\/tf_intromenu.obj
         .\Debug_tf_mod\/tf_mapinfomenu.obj
         .\Debug_tf_mod\/tf_roundinfo.obj
         .\Debug_tf_mod\/tf_spectatorgui.obj
         .\Debug_tf_mod\/tf_statsummary.obj
         .\Debug_tf_mod\/tf_teammenu.obj
         .\Debug_tf_mod\/tf_textwindow.obj
         .\Debug_tf_mod\/tf_vgui_video.obj
         .\Debug_tf_mod\/tf_viewport.obj
         .\Debug_tf_mod\/vgui_pda_panel.obj
         .\Debug_tf_mod\/vgui_rootpanel_tf.obj
         .\Debug_tf_mod\/vgui_rotation_slider.obj
         .\Debug_tf_mod\/c_tf_projectile_rocket.obj
         .\Debug_tf_mod\/c_tf_weapon_builder.obj
         .\Debug_tf_mod\/tf_weapon_bat.obj
         .\Debug_tf_mod\/tf_weapon_bonesaw.obj
         .\Debug_tf_mod\/tf_weapon_bottle.obj
         .\Debug_tf_mod\/tf_weapon_club.obj
         .\Debug_tf_mod\/tf_weapon_fireaxe.obj
         .\Debug_tf_mod\/tf_weapon_fists.obj
         .\Debug_tf_mod\/tf_weapon_flamethrower.obj
         .\Debug_tf_mod\/tf_weapon_grenade_pipebomb.obj
         .\Debug_tf_mod\/tf_weapon_grenadelauncher.obj
         .\Debug_tf_mod\/tf_weapon_invis.obj
         .\Debug_tf_mod\/tf_weapon_knife.obj
         .\Debug_tf_mod\/tf_weapon_medigun.obj
         .\Debug_tf_mod\/tf_weapon_minigun.obj
         .\Debug_tf_mod\/tf_weapon_parse.obj
         .\Debug_tf_mod\/tf_weapon_pda.obj
         .\Debug_tf_mod\/tf_weapon_pipebomblauncher.obj
         .\Debug_tf_mod\/tf_weapon_pistol.obj
         .\Debug_tf_mod\/tf_weapon_revolver.obj
         .\Debug_tf_mod\/tf_weapon_rocketlauncher.obj
         .\Debug_tf_mod\/tf_weapon_shotgun.obj
         .\Debug_tf_mod\/tf_weapon_shovel.obj
         .\Debug_tf_mod\/tf_weapon_smg.obj
         .\Debug_tf_mod\/tf_weapon_sniperrifle.obj
         .\Debug_tf_mod\/tf_weapon_syringegun.obj
         .\Debug_tf_mod\/tf_weapon_wrench.obj
         .\Debug_tf_mod\/tf_weaponbase.obj
         .\Debug_tf_mod\/tf_weaponbase_grenadeproj.obj
         .\Debug_tf_mod\/tf_weaponbase_gun.obj
         .\Debug_tf_mod\/tf_weaponbase_melee.obj
         .\Debug_tf_mod\/tf_weaponbase_rocket.obj
         .\Debug_tf_mod\/bonelist.obj
         .\Debug_tf_mod\/entity_client_tools.obj
         .\Debug_tf_mod\/toolframework_client.obj
         ..\..\lib\public\bitmap.lib
         ..\..\lib\public\choreoobjects.lib
         ..\..\lib\public\dmxloader.lib
         ..\..\lib\common\libcurl.lib
         ..\..\lib\public\libprotobuf.lib
         ..\..\lib\public\libz.lib
         ..\..\lib\public\mathlib.lib
         ..\..\lib\public\matsys_controls.lib
         ..\..\lib\public\particles.lib
         ..\..\lib\public\steam_api.lib
         ..\..\lib\public\tier0.lib
         ..\..\lib\public\tier1.lib
         ..\..\lib\public\tier2.lib
         ..\..\lib\public\tier3.lib
         ..\..\lib\public\vgui_controls.lib
         ..\..\lib\public\vstdlib.lib
         ..\..\lib\public\vtf.lib
            Creating library .\Debug_tf_mod\\client.lib and object .\Debug_tf_mod\\client.exp
         client_tf_mod.vcxproj -> C:\Users\Sam\Documents\GitHub\TF2-Base\src\game\client\.\Debug_tf_mod\client.dll
       PostBuildEvent:
         if not exist "..\..\..\game\tf_mod\bin\." mkdir "..\..\..\game\tf_mod\bin\."
         copy "C:\Users\Sam\Documents\GitHub\TF2-Base\src\game\client\Debug_tf_mod\client.dll" "..\..\..\game\tf_mod\bin\.\client.dll"
         if ERRORLEVEL 1 goto BuildEventFailed
         if exist "C:\Users\Sam\Documents\GitHub\TF2-Base\src\game\client\Debug_tf_mod\client.map" copy "C:\Users\Sam\Documents\GitHub\TF2-Base\src\game\client\Debug_tf_mod\client.map" ..\..\..\game\tf_mod\bin\.\client.map
         copy "C:\Users\Sam\Documents\GitHub\TF2-Base\src\game\client\Debug_tf_mod\client.pdb" ..\..\..\game\tf_mod\bin\.\client.pdb
         if ERRORLEVEL 1 goto BuildEventFailed
         goto BuildEventOK
         :BuildEventFailed
         echo *** ERROR! PostBuildStep FAILED for Client (TF)! EXE or DLL is probably running. ***
         del /q "C:\Users\Sam\Documents\GitHub\TF2-Base\src\game\client\Debug_tf_mod\client.dll"
         exit 1
         :BuildEventOK
         
         :VCEnd
                 1 file(s) copied.
                 1 file(s) copied.
     1>Done Building Project "C:\Users\Sam\Documents\GitHub\TF2-Base\src\game\client\client_tf_mod.vcxproj" (Build target(s)).

Build succeeded.

Time Elapsed 00:00:37.91
