PRT1
16
32
4 0 8 (1024 0 0 ) (1024 0 1024 ) (384 0 1024 ) (384 0 0 ) 
4 0 3 (1024 0 0 ) (384 0 0 ) (384 1024 0 ) (1024 1024 0 ) 
4 0 2 (384 0 64 ) (384 0 1024 ) (384 128 1024 ) (384 128 64 ) 
4 0 1 (384 1024 0 ) (384 128 0 ) (384 128 1024 ) (384 1024 1024 ) 
4 1 4 (0 128 1024 ) (0 1024 1024 ) (0 1024 0 ) (0 128 0 ) 
4 1 3 (0 128 0 ) (0 1024 0 ) (384 1024 0 ) (384 128 0 ) 
4 1 2 (384 128 64 ) (384 128 1024 ) (0 128 1024 ) (0 128 64 ) 
4 2 9 (384 0 1024 ) (0 0 1024 ) (0 0 64 ) (384 0 64 ) 
4 2 5 (0 0 64 ) (0 0 1024 ) (0 128 1024 ) (0 128 64 ) 
4 3 11 (1024 0 -1024 ) (1024 0 0 ) (0 0 0 ) (0 0 -1024 ) 
4 3 7 (0 0 -1024 ) (0 0 0 ) (0 1024 0 ) (0 1024 -1024 ) 
4 4 7 (-128 128 0 ) (-128 1024 0 ) (0 1024 0 ) (0 128 0 ) 
4 4 5 (-128 128 1024 ) (-128 128 64 ) (0 128 64 ) (0 128 1024 ) 
4 4 6 (-128 1024 0 ) (-128 128 0 ) (-128 128 1024 ) (-128 1024 1024 ) 
4 5 12 (0 0 64 ) (0 0 1024 ) (-128 0 1024 ) (-128 0 64 ) 
4 5 6 (-128 0 64 ) (-128 0 1024 ) (-128 128 1024 ) (-128 128 64 ) 
4 6 14 (-128 0 1024 ) (-1024 0 1024 ) (-1024 0 0 ) (-128 0 0 ) 
4 6 7 (-128 0 0 ) (-1024 0 0 ) (-1024 1024 0 ) (-128 1024 0 ) 
4 7 15 (0 0 -1024 ) (0 0 0 ) (-1024 0 0 ) (-1024 0 -1024 ) 
4 8 11 (1024 -1024 0 ) (384 -1024 0 ) (384 0 0 ) (1024 0 0 ) 
4 8 9 (384 -384 64 ) (384 -384 1024 ) (384 0 1024 ) (384 0 64 ) 
4 8 10 (384 -384 0 ) (384 -1024 0 ) (384 -1024 1024 ) (384 -384 1024 ) 
4 9 12 (0 0 1024 ) (0 0 64 ) (0 -384 64 ) (0 -384 1024 ) 
4 9 10 (384 -384 64 ) (384 -384 1024 ) (0 -384 1024 ) (0 -384 64 ) 
4 10 13 (0 -384 0 ) (0 -1024 0 ) (0 -1024 1024 ) (0 -384 1024 ) 
4 10 11 (384 -1024 0 ) (0 -1024 0 ) (0 -384 0 ) (384 -384 0 ) 
4 11 15 (0 0 0 ) (0 0 -1024 ) (0 -1024 -1024 ) (0 -1024 0 ) 
4 12 13 (-128 -384 1024 ) (-128 -384 64 ) (0 -384 64 ) (0 -384 1024 ) 
4 12 14 (-128 -384 64 ) (-128 -384 1024 ) (-128 0 1024 ) (-128 0 64 ) 
4 13 15 (0 -1024 0 ) (-128 -1024 0 ) (-128 -384 0 ) (0 -384 0 ) 
4 13 14 (-128 -384 0 ) (-128 -1024 0 ) (-128 -1024 1024 ) (-128 -384 1024 ) 
4 14 15 (-128 -1024 0 ) (-1024 -1024 0 ) (-1024 0 0 ) (-128 0 0 ) 
